<?xml version="1.0" encoding="UTF-8"?>
<!-- Generated by org.testng.reporters.JUnitXMLReporter -->
<testsuite hostname="SBR-DEVPTL-07" ignored="0" name="Default test" tests="6" failures="0" timestamp="30 Sep 2018 16:32:34 GMT" time="133.586" errors="0">
  <testcase name="gmailSendMailTest" time="65.079" classname="com.crossover.e2e.tests.SendEmailTest"/>
  <testcase name="gmailVerifyEmailOnSocialLabelTest" time="3.615" classname="com.crossover.e2e.tests.SendEmailTest"/>
  <testcase name="gmailVerifyAttachmentNameTest" time="4.096" classname="com.crossover.e2e.tests.SendEmailTest"/>
  <testcase name="gmailVerifyEmailIDTest" time="8.431" classname="com.crossover.e2e.tests.SendEmailTest"/>
  <testcase name="gmailVerifyEmailSubjectTest" time="5.914" classname="com.crossover.e2e.tests.SendEmailTest"/>
  <testcase name="gmailVerifyEmailBodyTest" time="7.484" classname="com.crossover.e2e.tests.SendEmailTest"/>
</testsuite> <!-- Default test -->
