<?xml version="1.0" encoding="UTF-8"?>
<testng-results skipped="0" failed="0" total="2" passed="2">
  <reporter-output>
  </reporter-output>
  <suite name="Default suite" duration-ms="14887" started-at="2018-09-27T09:21:28Z" finished-at="2018-09-27T09:21:43Z">
    <groups>
    </groups>
    <test name="Default test" duration-ms="14887" started-at="2018-09-27T09:21:28Z" finished-at="2018-09-27T09:21:43Z">
      <class name="com.qa.tests.GETAPITest">
        <test-method status="PASS" signature="setUp()[pri:0, instance:com.qa.tests.GETAPITest@50c87b21]" name="setUp" is-config="true" duration-ms="125" started-at="2018-09-27T14:51:28Z" finished-at="2018-09-27T14:51:28Z">
          <reporter-output>
          </reporter-output>
        </test-method> <!-- setUp -->
        <test-method status="PASS" signature="GetAPITestWithHeaders()[pri:0, instance:com.qa.tests.GETAPITest@50c87b21]" name="GetAPITestWithHeaders" duration-ms="12734" started-at="2018-09-27T14:51:28Z" finished-at="2018-09-27T14:51:41Z">
          <reporter-output>
          </reporter-output>
        </test-method> <!-- GetAPITestWithHeaders -->
        <test-method status="PASS" signature="setUp()[pri:0, instance:com.qa.tests.GETAPITest@50c87b21]" name="setUp" is-config="true" duration-ms="21" started-at="2018-09-27T14:51:41Z" finished-at="2018-09-27T14:51:41Z">
          <reporter-output>
          </reporter-output>
        </test-method> <!-- setUp -->
        <test-method status="PASS" signature="GetAPITestWithoutHeader()[pri:0, instance:com.qa.tests.GETAPITest@50c87b21]" name="GetAPITestWithoutHeader" duration-ms="1843" started-at="2018-09-27T14:51:41Z" finished-at="2018-09-27T14:51:43Z">
          <reporter-output>
          </reporter-output>
        </test-method> <!-- GetAPITestWithoutHeader -->
      </class> <!-- com.qa.tests.GETAPITest -->
    </test> <!-- Default test -->
  </suite> <!-- Default suite -->
</testng-results>
