<?xml version="1.0" encoding="UTF-8"?>
<!-- Generated by org.testng.reporters.JUnitXMLReporter -->
<testsuite hostname="SBR-DEVPTL-07" name="Test" tests="4" failures="0" timestamp="29 Sep 2018 06:39:33 GMT" time="4.859" errors="0">
  <testcase name="getWeatherInfoofLondonWithValidData" time="3.771" classname="com.qa.rest.tests.TestWeatherAPI"/>
  <testcase name="getWeatherInfoofCityWithInValidData" time="0.333" classname="com.qa.rest.tests.TestWeatherAPI"/>
  <testcase name="getWeatherInfoofDelhiWithValidData" time="0.371" classname="com.qa.rest.tests.TestWeatherAPI"/>
  <testcase name="getWeatherInfoofTokenWithInValidData" time="0.351" classname="com.qa.rest.tests.TestWeatherAPI"/>
</testsuite> <!-- Test -->
