<?xml version="1.0" encoding="UTF-8"?>
<!-- Generated by org.testng.reporters.JUnitXMLReporter -->
<testsuite ignored="0" hostname="DESKTOP-K83JTEJ" failures="0" tests="4" name="Test" time="7.314" errors="0" timestamp="12 Jun 2023 15:20:31 GMT">
  <testcase classname="chaining_withTestNG.CreateUser" name="test_createUser" time="4.153"/>
  <testcase classname="chaining_withTestNG.GetUser" name="test_getUSer" time="1.096"/>
  <testcase classname="chaining_withTestNG.UpdateUser" name="test_updateUser" time="1.009"/>
  <testcase classname="chaining_withTestNG.DeleteUser" name="test_DeleteUser" time="1.006"/>
</testsuite> <!-- Test -->
