<?xml version="1.0" encoding="UTF-8"?>
<testng-results ignored="0" total="1" passed="1" failed="0" skipped="0">
  <reporter-output>
  </reporter-output>
  <suite started-at="2023-02-06T15:11:15 IST" name="Default suite" finished-at="2023-02-06T15:11:27 IST" duration-ms="11992">
    <groups>
    </groups>
    <test started-at="2023-02-06T15:11:15 IST" name="Default test" finished-at="2023-02-06T15:11:27 IST" duration-ms="11992">
      <class name="test.WaitsTimeOutTest">
        <test-method is-config="true" signature="setupClass()[pri:0, instance:test.WaitsTimeOutTest@4d1c005e]" started-at="2023-02-06T15:11:15 IST" name="setupClass" finished-at="2023-02-06T15:11:18 IST" duration-ms="3306" status="PASS">
          <reporter-output>
          </reporter-output>
        </test-method> <!-- setupClass -->
        <test-method is-config="true" signature="setupTest()[pri:0, instance:test.WaitsTimeOutTest@4d1c005e]" started-at="2023-02-06T15:11:18 IST" name="setupTest" finished-at="2023-02-06T15:11:23 IST" duration-ms="4799" status="PASS">
          <reporter-output>
          </reporter-output>
        </test-method> <!-- setupTest -->
        <test-method signature="test()[pri:0, instance:test.WaitsTimeOutTest@4d1c005e]" started-at="2023-02-06T15:11:23 IST" name="test" finished-at="2023-02-06T15:11:26 IST" duration-ms="2514" status="PASS">
          <reporter-output>
          </reporter-output>
        </test-method> <!-- test -->
        <test-method is-config="true" signature="teardown()[pri:0, instance:test.WaitsTimeOutTest@4d1c005e]" started-at="2023-02-06T15:11:26 IST" name="teardown" finished-at="2023-02-06T15:11:27 IST" duration-ms="1288" status="PASS">
          <reporter-output>
          </reporter-output>
        </test-method> <!-- teardown -->
      </class> <!-- test.WaitsTimeOutTest -->
    </test> <!-- Default test -->
  </suite> <!-- Default suite -->
</testng-results>
