<?xml version="1.0" encoding="UTF-8"?>
<testng-results ignored="0" total="1" passed="1" failed="0" skipped="0">
  <reporter-output>
  </reporter-output>
  <suite started-at="2023-02-07T11:29:29 IST" name="Default suite" finished-at="2023-02-07T11:29:34 IST" duration-ms="5029">
    <groups>
    </groups>
    <test started-at="2023-02-07T11:29:29 IST" name="Default test" finished-at="2023-02-07T11:29:34 IST" duration-ms="5029">
      <class name="test.WaitsTimeOutTest">
        <test-method is-config="true" signature="setupClass()[pri:0, instance:test.WaitsTimeOutTest@4d1c005e]" started-at="2023-02-07T11:29:29 IST" name="setupClass" finished-at="2023-02-07T11:29:29 IST" duration-ms="468" status="PASS">
          <reporter-output>
          </reporter-output>
        </test-method> <!-- setupClass -->
        <test-method is-config="true" signature="setupTest()[pri:0, instance:test.WaitsTimeOutTest@4d1c005e]" started-at="2023-02-07T11:29:29 IST" name="setupTest" finished-at="2023-02-07T11:29:32 IST" duration-ms="2918" status="PASS">
          <reporter-output>
          </reporter-output>
        </test-method> <!-- setupTest -->
        <test-method signature="test()[pri:0, instance:test.WaitsTimeOutTest@4d1c005e]" started-at="2023-02-07T11:29:32 IST" name="test" finished-at="2023-02-07T11:29:34 IST" duration-ms="1255" status="PASS">
          <reporter-output>
          </reporter-output>
        </test-method> <!-- test -->
        <test-method is-config="true" signature="teardown()[pri:0, instance:test.WaitsTimeOutTest@4d1c005e]" started-at="2023-02-07T11:29:34 IST" name="teardown" finished-at="2023-02-07T11:29:34 IST" duration-ms="305" status="PASS">
          <reporter-output>
          </reporter-output>
        </test-method> <!-- teardown -->
      </class> <!-- test.WaitsTimeOutTest -->
    </test> <!-- Default test -->
  </suite> <!-- Default suite -->
</testng-results>
