<?xml version="1.0" encoding="UTF-8"?>
<!-- Generated by org.testng.reporters.JUnitXMLReporter -->
<testsuite hostname="DESKTOP-K83JTEJ" ignored="0" name="Default test" tests="3" failures="0" timestamp="19 May 2020 12:37:59 GMT" time="0.051" errors="0">
  <testcase name="loginPageTitleTest" time="0.006" classname="com.qa.selenium.TestNGExampleClass"/>
  <testcase name="crmLogoImageTest" time="0.003" classname="com.qa.selenium.TestNGExampleClass"/>
  <testcase name="loginTest" time="0.003" classname="com.qa.selenium.TestNGExampleClass"/>
</testsuite> <!-- Default test -->
