<?xml version="1.0" encoding="UTF-8"?>
<testng-results skipped="0" failed="0" total="1" passed="1">
  <reporter-output>
  </reporter-output>
  <suite name="Default suite" duration-ms="3519" started-at="2018-09-01T17:19:31Z" finished-at="2018-09-01T17:19:35Z">
    <groups>
    </groups>
    <test name="Default test" duration-ms="3519" started-at="2018-09-01T17:19:31Z" finished-at="2018-09-01T17:19:35Z">
      <class name="com.qa.rest.tests.GetCallBDD">
        <test-method status="PASS" signature="test_numberofCircuitsFor2017()[pri:0, instance:com.qa.rest.tests.GetCallBDD@7ac7a4e4]" name="test_numberofCircuitsFor2017" duration-ms="3486" started-at="2018-09-01T22:49:32Z" finished-at="2018-09-01T22:49:35Z">
          <reporter-output>
          </reporter-output>
        </test-method> <!-- test_numberofCircuitsFor2017 -->
      </class> <!-- com.qa.rest.tests.GetCallBDD -->
    </test> <!-- Default test -->
  </suite> <!-- Default suite -->
</testng-results>
