<?xml version="1.0" encoding="UTF-8"?>
<testng-results skipped="0" failed="0" ignored="0" total="4" passed="4">
  <reporter-output>
  </reporter-output>
  <suite name="Suite" duration-ms="69" started-at="2020-05-19T13:32:56Z" finished-at="2020-05-19T13:32:56Z">
    <groups>
    </groups>
    <test name="Test" duration-ms="69" started-at="2020-05-19T13:32:56Z" finished-at="2020-05-19T13:32:56Z">
      <class name="com.qa.selenium.TestNGExampleClass">
        <test-method status="PASS" signature="setUp()[pri:0, instance:com.qa.selenium.TestNGExampleClass@36d4b5c]" name="setUp" is-config="true" duration-ms="6" started-at="2020-05-19T13:32:56Z" finished-at="2020-05-19T13:32:56Z">
          <reporter-output>
          </reporter-output>
        </test-method> <!-- setUp -->
        <test-method status="PASS" signature="loginPageTitleTest()[pri:1, instance:com.qa.selenium.TestNGExampleClass@36d4b5c]" name="loginPageTitleTest" duration-ms="8" started-at="2020-05-19T13:32:56Z" finished-at="2020-05-19T13:32:56Z">
          <reporter-output>
          </reporter-output>
        </test-method> <!-- loginPageTitleTest -->
        <test-method status="PASS" signature="tearDown()[pri:0, instance:com.qa.selenium.TestNGExampleClass@36d4b5c]" name="tearDown" is-config="true" duration-ms="0" started-at="2020-05-19T13:32:56Z" finished-at="2020-05-19T13:32:56Z">
          <reporter-output>
          </reporter-output>
        </test-method> <!-- tearDown -->
        <test-method status="PASS" signature="crmLogoImageTest()[pri:2, instance:com.qa.selenium.TestNGExampleClass@36d4b5c]" name="crmLogoImageTest" duration-ms="2" started-at="2020-05-19T13:32:56Z" finished-at="2020-05-19T13:32:56Z">
          <reporter-output>
          </reporter-output>
        </test-method> <!-- crmLogoImageTest -->
        <test-method status="PASS" signature="setUp()[pri:0, instance:com.qa.selenium.TestNGExampleClass@36d4b5c]" name="setUp" is-config="true" duration-ms="0" started-at="2020-05-19T13:32:56Z" finished-at="2020-05-19T13:32:56Z">
          <reporter-output>
          </reporter-output>
        </test-method> <!-- setUp -->
        <test-method status="PASS" signature="tearDown()[pri:0, instance:com.qa.selenium.TestNGExampleClass@36d4b5c]" name="tearDown" is-config="true" duration-ms="1" started-at="2020-05-19T13:32:56Z" finished-at="2020-05-19T13:32:56Z">
          <reporter-output>
          </reporter-output>
        </test-method> <!-- tearDown -->
        <test-method status="PASS" signature="setUp()[pri:0, instance:com.qa.selenium.TestNGExampleClass@36d4b5c]" name="setUp" is-config="true" duration-ms="1" started-at="2020-05-19T13:32:56Z" finished-at="2020-05-19T13:32:56Z">
          <reporter-output>
          </reporter-output>
        </test-method> <!-- setUp -->
        <test-method status="PASS" signature="loginTest()[pri:3, instance:com.qa.selenium.TestNGExampleClass@36d4b5c]" name="loginTest" duration-ms="1" started-at="2020-05-19T13:32:56Z" finished-at="2020-05-19T13:32:56Z">
          <reporter-output>
          </reporter-output>
        </test-method> <!-- loginTest -->
        <test-method status="PASS" signature="tearDown()[pri:0, instance:com.qa.selenium.TestNGExampleClass@36d4b5c]" name="tearDown" is-config="true" duration-ms="1" started-at="2020-05-19T13:32:56Z" finished-at="2020-05-19T13:32:56Z">
          <reporter-output>
          </reporter-output>
        </test-method> <!-- tearDown -->
      </class> <!-- com.qa.selenium.TestNGExampleClass -->
      <class name="com.qa.selenium.TestNGExam">
        <test-method status="PASS" signature="TestNGClass1()[pri:4, instance:com.qa.selenium.TestNGExam@6d00a15d]" name="TestNGClass1" duration-ms="4" started-at="2020-05-19T13:32:56Z" finished-at="2020-05-19T13:32:56Z">
          <reporter-output>
          </reporter-output>
        </test-method> <!-- TestNGClass1 -->
      </class> <!-- com.qa.selenium.TestNGExam -->
    </test> <!-- Test -->
  </suite> <!-- Suite -->
</testng-results>
