<?xml version="1.0" encoding="UTF-8"?>
<!-- Generated by org.testng.reporters.JUnitXMLReporter -->
<testsuite hostname="DESKTOP-K83JTEJ" ignored="0" name="Test" tests="4" failures="0" timestamp="19 May 2020 13:32:56 GMT" time="0.069" errors="0">
  <testcase name="loginPageTitleTest" time="0.008" classname="com.qa.selenium.TestNGExampleClass"/>
  <testcase name="crmLogoImageTest" time="0.002" classname="com.qa.selenium.TestNGExampleClass"/>
  <testcase name="loginTest" time="0.001" classname="com.qa.selenium.TestNGExampleClass"/>
  <testcase name="TestNGClass1" time="0.004" classname="com.qa.selenium.TestNGExam"/>
</testsuite> <!-- Test -->
