<?xml version="1.0" encoding="UTF-8"?>
<!-- Generated by org.testng.reporters.JUnitXMLReporter -->
<testsuite hostname="SBR-DEVPTL-07" ignored="0" name="Gmail Send Mail Test" tests="6" failures="0" timestamp="30 Sep 2018 16:08:08 GMT" time="94.431" errors="0">
  <testcase name="gmailSendMailTest" time="44.12" classname="com.crossover.e2e.tests.SendEmailTest"/>
  <testcase name="gmailVerifyEmailOnSocialLabelTest" time="2.252" classname="com.crossover.e2e.tests.SendEmailTest"/>
  <testcase name="gmailVerifyAttachmentNameTest" time="4.067" classname="com.crossover.e2e.tests.SendEmailTest"/>
  <testcase name="gmailVerifyEmailIDTest" time="4.958" classname="com.crossover.e2e.tests.SendEmailTest"/>
  <testcase name="gmailVerifyEmailSubjectTest" time="5.532" classname="com.crossover.e2e.tests.SendEmailTest"/>
  <testcase name="gmailVerifyEmailBodyTest" time="5.915" classname="com.crossover.e2e.tests.SendEmailTest"/>
</testsuite> <!-- Gmail Send Mail Test -->
