<?xml version="1.0" encoding="UTF-8"?>
<!-- Generated by org.testng.reporters.JUnitXMLReporter -->
<testsuite hostname="SBR-DEVPTL-07" ignored="0" name="Default test" tests="2" failures="0" timestamp="06 Sep 2018 06:29:57 GMT" time="25.766" errors="0">
  <testcase name="verifyContactsPageLabel" time="0.121" classname="com.crm.qa.testcases.ContactsPageTest"/>
  <testcase name="validateCreateNewContact" time="0.0" classname="com.crm.qa.testcases.ContactsPageTest">
    <skipped/>
  </testcase> <!-- validateCreateNewContact -->
</testsuite> <!-- Default test -->
