<?xml version="1.0" encoding="UTF-8"?>
<!-- Generated by org.testng.reporters.JUnitXMLReporter -->
<testsuite hostname="SBR-DEVPTL-07" ignored="0" name="Default test" tests="3" failures="0" timestamp="04 Sep 2018 05:26:46 GMT" time="114.563" errors="0">
  <testcase name="verifyHomePageTitleTest" time="0.026" classname="com.crm.qa.testcases.HomePageTest"/>
  <testcase name="verifyUserNameTest" time="0.77" classname="com.crm.qa.testcases.HomePageTest"/>
  <testcase name="verifyContactsLinkTest" time="9.82" classname="com.crm.qa.testcases.HomePageTest"/>
</testsuite> <!-- Default test -->
