<?xml version="1.0" encoding="UTF-8"?>
<testng-results skipped="0" failed="0" ignored="0" total="1" passed="1">
  <reporter-output>
  </reporter-output>
  <suite name="Default suite" duration-ms="29787" started-at="2018-09-18T06:16:10Z" finished-at="2018-09-18T06:16:40Z">
    <groups>
    </groups>
    <test name="Default test" duration-ms="29787" started-at="2018-09-18T06:16:10Z" finished-at="2018-09-18T06:16:40Z">
      <class name="com.crm.qa.testcases.ContactsPageTest">
        <test-method status="PASS" signature="setUp()[pri:0, instance:com.crm.qa.testcases.ContactsPageTest@490ab905]" name="setUp" is-config="true" duration-ms="23744" started-at="2018-09-18T06:16:11Z" finished-at="2018-09-18T06:16:34Z">
          <reporter-output>
          </reporter-output>
        </test-method> <!-- setUp -->
        <test-method status="PASS" signature="validateCreateNewContact()[pri:1, instance:com.crm.qa.testcases.ContactsPageTest@490ab905]" name="validateCreateNewContact" duration-ms="4773" started-at="2018-09-18T06:16:34Z" finished-at="2018-09-18T06:16:39Z">
          <reporter-output>
          </reporter-output>
        </test-method> <!-- validateCreateNewContact -->
        <test-method status="PASS" signature="tearDown()[pri:0, instance:com.crm.qa.testcases.ContactsPageTest@490ab905]" name="tearDown" is-config="true" duration-ms="1218" started-at="2018-09-18T06:16:39Z" finished-at="2018-09-18T06:16:40Z">
          <reporter-output>
          </reporter-output>
        </test-method> <!-- tearDown -->
      </class> <!-- com.crm.qa.testcases.ContactsPageTest -->
    </test> <!-- Default test -->
  </suite> <!-- Default suite -->
</testng-results>
