<?xml version="1.0" encoding="UTF-8"?>
<testng-results skipped="0" failed="1" ignored="0" total="3" passed="2">
  <reporter-output>
  </reporter-output>
  <suite name="Default suite" duration-ms="92906" started-at="2019-12-15T20:39:59Z" finished-at="2019-12-15T20:41:32Z">
    <groups>
    </groups>
    <test name="Default test" duration-ms="92906" started-at="2019-12-15T20:39:59Z" finished-at="2019-12-15T20:41:32Z">
      <class name="com.qa.testcases.CalculatorOperationsTest">
        <test-method status="PASS" signature="startReport()[pri:0, instance:com.qa.testcases.CalculatorOperationsTest@1649b0e6]" name="startReport" is-config="true" duration-ms="218" started-at="2019-12-15T20:39:59Z" finished-at="2019-12-15T20:39:59Z">
          <reporter-output>
          </reporter-output>
        </test-method> <!-- startReport -->
        <test-method status="PASS" signature="setUp()[pri:0, instance:com.qa.testcases.CalculatorOperationsTest@1649b0e6]" name="setUp" is-config="true" duration-ms="5995" started-at="2019-12-15T20:39:59Z" finished-at="2019-12-15T20:40:05Z">
          <reporter-output>
          </reporter-output>
        </test-method> <!-- setUp -->
        <test-method status="PASS" signature="calcTitleVerifyTest()[pri:1, instance:com.qa.testcases.CalculatorOperationsTest@1649b0e6]" name="calcTitleVerifyTest" duration-ms="604" started-at="2019-12-15T20:40:05Z" finished-at="2019-12-15T20:40:06Z">
          <reporter-output>
          </reporter-output>
        </test-method> <!-- calcTitleVerifyTest -->
        <test-method status="PASS" signature="tearDown()[pri:0, instance:com.qa.testcases.CalculatorOperationsTest@1649b0e6]" name="tearDown" is-config="true" duration-ms="1" started-at="2019-12-15T20:40:06Z" finished-at="2019-12-15T20:40:06Z">
          <reporter-output>
          </reporter-output>
        </test-method> <!-- tearDown -->
        <test-method status="PASS" signature="getResult(org.testng.ITestResult)[pri:0, instance:com.qa.testcases.CalculatorOperationsTest@1649b0e6]" name="getResult" is-config="true" duration-ms="511" started-at="2019-12-15T20:40:06Z" finished-at="2019-12-15T20:40:06Z">
          <params>
            <param index="0">
              <value>
                <![CDATA[[TestResult name=calcTitleVerifyTest status=SUCCESS method=CalculatorOperationsTest.calcTitleVerifyTest()[pri:1, instance:com.qa.testcases.CalculatorOperationsTest@1649b0e6] output={null}]]]>
              </value>
            </param>
          </params>
          <reporter-output>
          </reporter-output>
        </test-method> <!-- getResult -->
        <test-method status="PASS" signature="setUp()[pri:0, instance:com.qa.testcases.CalculatorOperationsTest@1649b0e6]" name="setUp" is-config="true" duration-ms="5122" started-at="2019-12-15T20:40:06Z" finished-at="2019-12-15T20:40:11Z">
          <reporter-output>
          </reporter-output>
        </test-method> <!-- setUp -->
        <test-method status="PASS" signature="calcDiffOperationsTest()[pri:2, instance:com.qa.testcases.CalculatorOperationsTest@1649b0e6]" name="calcDiffOperationsTest" duration-ms="43149" started-at="2019-12-15T20:40:11Z" finished-at="2019-12-15T20:40:54Z">
          <reporter-output>
          </reporter-output>
        </test-method> <!-- calcDiffOperationsTest -->
        <test-method status="PASS" signature="getResult(org.testng.ITestResult)[pri:0, instance:com.qa.testcases.CalculatorOperationsTest@1649b0e6]" name="getResult" is-config="true" duration-ms="290" started-at="2019-12-15T20:40:54Z" finished-at="2019-12-15T20:40:55Z">
          <params>
            <param index="0">
              <value>
                <![CDATA[[TestResult name=calcDiffOperationsTest status=SUCCESS method=CalculatorOperationsTest.calcDiffOperationsTest()[pri:2, instance:com.qa.testcases.CalculatorOperationsTest@1649b0e6] output={null}]]]>
              </value>
            </param>
          </params>
          <reporter-output>
          </reporter-output>
        </test-method> <!-- getResult -->
        <test-method status="PASS" signature="tearDown()[pri:0, instance:com.qa.testcases.CalculatorOperationsTest@1649b0e6]" name="tearDown" is-config="true" duration-ms="0" started-at="2019-12-15T20:40:54Z" finished-at="2019-12-15T20:40:54Z">
          <reporter-output>
          </reporter-output>
        </test-method> <!-- tearDown -->
        <test-method status="PASS" signature="setUp()[pri:0, instance:com.qa.testcases.CalculatorOperationsTest@1649b0e6]" name="setUp" is-config="true" duration-ms="5046" started-at="2019-12-15T20:40:55Z" finished-at="2019-12-15T20:41:00Z">
          <reporter-output>
          </reporter-output>
        </test-method> <!-- setUp -->
        <test-method status="FAIL" signature="calcOperationsTest()[pri:3, instance:com.qa.testcases.CalculatorOperationsTest@1649b0e6]" name="calcOperationsTest" duration-ms="28801" started-at="2019-12-15T20:41:00Z" finished-at="2019-12-15T20:41:29Z">
          <exception class="java.lang.AssertionError">
            <message>
              <![CDATA[6 - 2=4 expected [6] but found [4]]]>
            </message>
            <full-stacktrace>
              <![CDATA[java.lang.AssertionError: 6 - 2=4 expected [6] but found [4]
at org.testng.Assert.fail(Assert.java:96)
at org.testng.Assert.failNotEquals(Assert.java:776)
at org.testng.Assert.assertEqualsImpl(Assert.java:137)
at org.testng.Assert.assertEquals(Assert.java:118)
at org.testng.Assert.assertEquals(Assert.java:453)
at com.qa.testcases.CalculatorOperationsTest.calcOperationsTest(CalculatorOperationsTest.java:97)
at sun.reflect.NativeMethodAccessorImpl.invoke0(Native Method)
at sun.reflect.NativeMethodAccessorImpl.invoke(NativeMethodAccessorImpl.java:62)
at sun.reflect.DelegatingMethodAccessorImpl.invoke(DelegatingMethodAccessorImpl.java:43)
at java.lang.reflect.Method.invoke(Method.java:498)
at org.testng.internal.MethodInvocationHelper.invokeMethod(MethodInvocationHelper.java:124)
at org.testng.internal.Invoker.invokeMethod(Invoker.java:583)
at org.testng.internal.Invoker.invokeTestMethod(Invoker.java:719)
at org.testng.internal.Invoker.invokeTestMethods(Invoker.java:989)
at org.testng.internal.TestMethodWorker.invokeTestMethods(TestMethodWorker.java:125)
at org.testng.internal.TestMethodWorker.run(TestMethodWorker.java:109)
at org.testng.TestRunner.privateRun(TestRunner.java:648)
at org.testng.TestRunner.run(TestRunner.java:505)
at org.testng.SuiteRunner.runTest(SuiteRunner.java:455)
at org.testng.SuiteRunner.runSequentially(SuiteRunner.java:450)
at org.testng.SuiteRunner.privateRun(SuiteRunner.java:415)
at org.testng.SuiteRunner.run(SuiteRunner.java:364)
at org.testng.SuiteRunnerWorker.runSuite(SuiteRunnerWorker.java:52)
at org.testng.SuiteRunnerWorker.run(SuiteRunnerWorker.java:84)
at org.testng.TestNG.runSuitesSequentially(TestNG.java:1208)
at org.testng.TestNG.runSuitesLocally(TestNG.java:1137)
at org.testng.TestNG.runSuites(TestNG.java:1049)
at org.testng.TestNG.run(TestNG.java:1017)
at org.testng.remote.AbstractRemoteTestNG.run(AbstractRemoteTestNG.java:114)
at org.testng.remote.RemoteTestNG.initAndRun(RemoteTestNG.java:251)
at org.testng.remote.RemoteTestNG.main(RemoteTestNG.java:77)
]]>
            </full-stacktrace>
          </exception> <!-- java.lang.AssertionError -->
          <reporter-output>
          </reporter-output>
        </test-method> <!-- calcOperationsTest -->
        <test-method status="PASS" signature="getResult(org.testng.ITestResult)[pri:0, instance:com.qa.testcases.CalculatorOperationsTest@1649b0e6]" name="getResult" is-config="true" duration-ms="3331" started-at="2019-12-15T20:41:29Z" finished-at="2019-12-15T20:41:32Z">
          <params>
            <param index="0">
              <value>
                <![CDATA[[TestResult name=calcOperationsTest status=FAILURE method=CalculatorOperationsTest.calcOperationsTest()[pri:3, instance:com.qa.testcases.CalculatorOperationsTest@1649b0e6] output={null}]]]>
              </value>
            </param>
          </params>
          <reporter-output>
          </reporter-output>
        </test-method> <!-- getResult -->
        <test-method status="PASS" signature="tearDown()[pri:0, instance:com.qa.testcases.CalculatorOperationsTest@1649b0e6]" name="tearDown" is-config="true" duration-ms="0" started-at="2019-12-15T20:41:29Z" finished-at="2019-12-15T20:41:29Z">
          <reporter-output>
          </reporter-output>
        </test-method> <!-- tearDown -->
      </class> <!-- com.qa.testcases.CalculatorOperationsTest -->
    </test> <!-- Default test -->
  </suite> <!-- Default suite -->
</testng-results>
